2025-12-29T03:12:25.423Z ERROR Process encountered uncaught exception 
Error: Could not load the "sharp" module using the linux-x64 runtime
Possible solutions:
- Ensure optional dependencies can be installed:
    npm install --include=optional sharp
- Ensure your package manager supports multi-platform installation:
    See https://sharp.pixelplumbing.com/install#cross-platform
- Add platform-specific dependencies:
    npm install --os=linux --cpu=x64 sharp
- Consult the installation documentation:
    See https://sharp.pixelplumbing.com/install
    at Object.<anonymous> (/home/sulrwin/.config/io.github.sulrwin.riverdeck/plugins/com.elgato.volume-controller.sdPlugin/bin/plugin.js:14:81894)
    at Module._compile (node:internal/modules/cjs/loader:1760:14)
    at Object..js (node:internal/modules/cjs/loader:1892:10)
    at Module.load (node:internal/modules/cjs/loader:1480:32)
    at Module._load (node:internal/modules/cjs/loader:1299:12)
    at TracingChannel.traceSync (node:diagnostics_channel:328:14)
    at wrapModuleLoad (node:internal/modules/cjs/loader:245:24)
    at Module.executeUserEntryPoint [as runMain] (node:internal/modules/run_main:154:5)
    at node:internal/main/run_main_module:33:47
